Analysis & Synthesis report for DE1_SoC
Thu May 27 14:37:05 2021
Quartus Prime Version 17.0.0 Build 595 04/25/2017 SJ Lite Edition


---------------------
; Table of Contents ;
---------------------
  1. Legal Notice
  2. Analysis & Synthesis Summary
  3. Analysis & Synthesis Settings
  4. Parallel Compilation
  5. Analysis & Synthesis Source Files Read
  6. Analysis & Synthesis Resource Usage Summary
  7. Analysis & Synthesis Resource Utilization by Entity
  8. General Register Statistics
  9. Multiplexer Restructuring Statistics (Restructuring Performed)
 10. Parameter Settings for User Entity Instance: Top-level Entity: |audio_averaging_shift
 11. Parameter Settings for Inferred Entity Instance: lpm_divide:Div0
 12. Parameter Settings for Inferred Entity Instance: lpm_divide:Div1
 13. Post-Synthesis Netlist Statistics for Top Partition
 14. Elapsed Time Per Partition
 15. Analysis & Synthesis Messages
 16. Analysis & Synthesis Suppressed Messages



----------------
; Legal Notice ;
----------------
Copyright (C) 2017  Intel Corporation. All rights reserved.
Your use of Intel Corporation's design tools, logic functions 
and other software and tools, and its AMPP partner logic 
functions, and any output files from any of the foregoing 
(including device programming or simulation files), and any 
associated documentation or information are expressly subject 
to the terms and conditions of the Intel Program License 
Subscription Agreement, the Intel Quartus Prime License Agreement,
the Intel MegaCore Function License Agreement, or other 
applicable license agreement, including, without limitation, 
that your use is for the sole purpose of programming logic 
devices manufactured by Intel and sold by Intel or its 
authorized distributors.  Please refer to the applicable 
agreement for further details.



+-------------------------------------------------------------------------------+
; Analysis & Synthesis Summary                                                  ;
+---------------------------------+---------------------------------------------+
; Analysis & Synthesis Status     ; Successful - Thu May 27 14:37:05 2021       ;
; Quartus Prime Version           ; 17.0.0 Build 595 04/25/2017 SJ Lite Edition ;
; Revision Name                   ; DE1_SoC                                     ;
; Top-level Entity Name           ; audio_averaging_shift                       ;
; Family                          ; Cyclone V                                   ;
; Logic utilization (in ALMs)     ; N/A                                         ;
; Total registers                 ; 562                                         ;
; Total pins                      ; 530                                         ;
; Total virtual pins              ; 0                                           ;
; Total block memory bits         ; 0                                           ;
; Total DSP Blocks                ; 0                                           ;
; Total HSSI RX PCSs              ; 0                                           ;
; Total HSSI PMA RX Deserializers ; 0                                           ;
; Total HSSI TX PCSs              ; 0                                           ;
; Total HSSI PMA TX Serializers   ; 0                                           ;
; Total PLLs                      ; 0                                           ;
; Total DLLs                      ; 0                                           ;
+---------------------------------+---------------------------------------------+


+------------------------------------------------------------------------------------------------------------------------------+
; Analysis & Synthesis Settings                                                                                                ;
+---------------------------------------------------------------------------------+-----------------------+--------------------+
; Option                                                                          ; Setting               ; Default Value      ;
+---------------------------------------------------------------------------------+-----------------------+--------------------+
; Device                                                                          ; 5CSEMA5F31C6          ;                    ;
; Top-level entity name                                                           ; audio_averaging_shift ; DE1_SoC            ;
; Family name                                                                     ; Cyclone V             ; Cyclone V          ;
; State Machine Processing                                                        ; User-Encoded          ; Auto               ;
; Use smart compilation                                                           ; Off                   ; Off                ;
; Enable parallel Assembler and TimeQuest Timing Analyzer during compilation      ; On                    ; On                 ;
; Enable compact report table                                                     ; Off                   ; Off                ;
; Restructure Multiplexers                                                        ; Auto                  ; Auto               ;
; MLAB Add Timing Constraints For Mixed-Port Feed-Through Mode Setting Don't Care ; Off                   ; Off                ;
; Create Debugging Nodes for IP Cores                                             ; Off                   ; Off                ;
; Preserve fewer node names                                                       ; On                    ; On                 ;
; OpenCore Plus hardware evaluation                                               ; Enable                ; Enable             ;
; Verilog Version                                                                 ; Verilog_2001          ; Verilog_2001       ;
; VHDL Version                                                                    ; VHDL_1993             ; VHDL_1993          ;
; Safe State Machine                                                              ; Off                   ; Off                ;
; Extract Verilog State Machines                                                  ; On                    ; On                 ;
; Extract VHDL State Machines                                                     ; On                    ; On                 ;
; Ignore Verilog initial constructs                                               ; Off                   ; Off                ;
; Iteration limit for constant Verilog loops                                      ; 5000                  ; 5000               ;
; Iteration limit for non-constant Verilog loops                                  ; 250                   ; 250                ;
; Add Pass-Through Logic to Inferred RAMs                                         ; On                    ; On                 ;
; Infer RAMs from Raw Logic                                                       ; On                    ; On                 ;
; Parallel Synthesis                                                              ; On                    ; On                 ;
; DSP Block Balancing                                                             ; Auto                  ; Auto               ;
; NOT Gate Push-Back                                                              ; On                    ; On                 ;
; Power-Up Don't Care                                                             ; On                    ; On                 ;
; Remove Redundant Logic Cells                                                    ; Off                   ; Off                ;
; Remove Duplicate Registers                                                      ; On                    ; On                 ;
; Ignore CARRY Buffers                                                            ; Off                   ; Off                ;
; Ignore CASCADE Buffers                                                          ; Off                   ; Off                ;
; Ignore GLOBAL Buffers                                                           ; Off                   ; Off                ;
; Ignore ROW GLOBAL Buffers                                                       ; Off                   ; Off                ;
; Ignore LCELL Buffers                                                            ; Off                   ; Off                ;
; Ignore SOFT Buffers                                                             ; On                    ; On                 ;
; Limit AHDL Integers to 32 Bits                                                  ; Off                   ; Off                ;
; Optimization Technique                                                          ; Balanced              ; Balanced           ;
; Carry Chain Length                                                              ; 70                    ; 70                 ;
; Auto Carry Chains                                                               ; On                    ; On                 ;
; Auto Open-Drain Pins                                                            ; On                    ; On                 ;
; Perform WYSIWYG Primitive Resynthesis                                           ; Off                   ; Off                ;
; Auto ROM Replacement                                                            ; On                    ; On                 ;
; Auto RAM Replacement                                                            ; On                    ; On                 ;
; Auto DSP Block Replacement                                                      ; On                    ; On                 ;
; Auto Shift Register Replacement                                                 ; Auto                  ; Auto               ;
; Allow Shift Register Merging across Hierarchies                                 ; Auto                  ; Auto               ;
; Auto Clock Enable Replacement                                                   ; On                    ; On                 ;
; Strict RAM Replacement                                                          ; Off                   ; Off                ;
; Allow Synchronous Control Signals                                               ; On                    ; On                 ;
; Force Use of Synchronous Clear Signals                                          ; Off                   ; Off                ;
; Auto Resource Sharing                                                           ; Off                   ; Off                ;
; Allow Any RAM Size For Recognition                                              ; Off                   ; Off                ;
; Allow Any ROM Size For Recognition                                              ; Off                   ; Off                ;
; Allow Any Shift Register Size For Recognition                                   ; Off                   ; Off                ;
; Use LogicLock Constraints during Resource Balancing                             ; On                    ; On                 ;
; Ignore translate_off and synthesis_off directives                               ; Off                   ; Off                ;
; Timing-Driven Synthesis                                                         ; On                    ; On                 ;
; Report Parameter Settings                                                       ; On                    ; On                 ;
; Report Source Assignments                                                       ; On                    ; On                 ;
; Report Connectivity Checks                                                      ; On                    ; On                 ;
; Ignore Maximum Fan-Out Assignments                                              ; Off                   ; Off                ;
; Synchronization Register Chain Length                                           ; 3                     ; 3                  ;
; PowerPlay Power Optimization During Synthesis                                   ; Normal compilation    ; Normal compilation ;
; HDL message level                                                               ; Level2                ; Level2             ;
; Suppress Register Optimization Related Messages                                 ; Off                   ; Off                ;
; Number of Removed Registers Reported in Synthesis Report                        ; 5000                  ; 5000               ;
; Number of Swept Nodes Reported in Synthesis Report                              ; 5000                  ; 5000               ;
; Number of Inverted Registers Reported in Synthesis Report                       ; 100                   ; 100                ;
; Clock MUX Protection                                                            ; On                    ; On                 ;
; Auto Gated Clock Conversion                                                     ; Off                   ; Off                ;
; Block Design Naming                                                             ; Auto                  ; Auto               ;
; SDC constraint protection                                                       ; Off                   ; Off                ;
; Synthesis Effort                                                                ; Auto                  ; Auto               ;
; Shift Register Replacement - Allow Asynchronous Clear Signal                    ; On                    ; On                 ;
; Pre-Mapping Resynthesis Optimization                                            ; Off                   ; Off                ;
; Analysis & Synthesis Message Level                                              ; Medium                ; Medium             ;
; Disable Register Merging Across Hierarchies                                     ; Auto                  ; Auto               ;
; Resource Aware Inference For Block RAM                                          ; On                    ; On                 ;
; Automatic Parallel Synthesis                                                    ; On                    ; On                 ;
; Partial Reconfiguration Bitstream ID                                            ; Off                   ; Off                ;
+---------------------------------------------------------------------------------+-----------------------+--------------------+


+------------------------------------------+
; Parallel Compilation                     ;
+----------------------------+-------------+
; Processors                 ; Number      ;
+----------------------------+-------------+
; Number detected on machine ; 16          ;
; Maximum allowed            ; 16          ;
;                            ;             ;
; Average used               ; 1.00        ;
; Maximum used               ; 16          ;
;                            ;             ;
; Usage by Processor         ; % Time Used ;
;     Processor 1            ; 100.0%      ;
;     Processor 2            ;   0.0%      ;
;     Processor 3            ;   0.0%      ;
;     Processor 4            ;   0.0%      ;
;     Processor 5            ;   0.0%      ;
;     Processor 6            ;   0.0%      ;
;     Processor 7            ;   0.0%      ;
;     Processor 8            ;   0.0%      ;
;     Processor 9            ;   0.0%      ;
;     Processor 10           ;   0.0%      ;
;     Processors 11-16       ;   0.0%      ;
+----------------------------+-------------+


+------------------------------------------------------------------------------------------------------------------------------------------------------------------+
; Analysis & Synthesis Source Files Read                                                                                                                           ;
+----------------------------------+-----------------+------------------------------+--------------------------------------------------------------------+---------+
; File Name with User-Entered Path ; Used in Netlist ; File Type                    ; File Name with Absolute Path                                       ; Library ;
+----------------------------------+-----------------+------------------------------+--------------------------------------------------------------------+---------+
; audio_averaging_shift.sv         ; yes             ; User SystemVerilog HDL File  ; D:/UW/ee371labs/EE.CSE371/audio_averaging_shift.sv                 ;         ;
; lpm_divide.tdf                   ; yes             ; Megafunction                 ; d:/quartuslite/quartus/libraries/megafunctions/lpm_divide.tdf      ;         ;
; abs_divider.inc                  ; yes             ; Megafunction                 ; d:/quartuslite/quartus/libraries/megafunctions/abs_divider.inc     ;         ;
; sign_div_unsign.inc              ; yes             ; Megafunction                 ; d:/quartuslite/quartus/libraries/megafunctions/sign_div_unsign.inc ;         ;
; aglobal170.inc                   ; yes             ; Megafunction                 ; d:/quartuslite/quartus/libraries/megafunctions/aglobal170.inc      ;         ;
; db/lpm_divide_4dm.tdf            ; yes             ; Auto-Generated Megafunction  ; D:/UW/ee371labs/EE.CSE371/db/lpm_divide_4dm.tdf                    ;         ;
; db/sign_div_unsign_9nh.tdf       ; yes             ; Auto-Generated Megafunction  ; D:/UW/ee371labs/EE.CSE371/db/sign_div_unsign_9nh.tdf               ;         ;
; db/alt_u_div_o2f.tdf             ; yes             ; Auto-Generated Megafunction  ; D:/UW/ee371labs/EE.CSE371/db/alt_u_div_o2f.tdf                     ;         ;
+----------------------------------+-----------------+------------------------------+--------------------------------------------------------------------+---------+


+---------------------------------------------------------+
; Analysis & Synthesis Resource Usage Summary             ;
+---------------------------------------------+-----------+
; Resource                                    ; Usage     ;
+---------------------------------------------+-----------+
; Estimate of Logic utilization (ALMs needed) ; 693       ;
;                                             ;           ;
; Combinational ALUT usage for logic          ; 1209      ;
;     -- 7 input functions                    ; 0         ;
;     -- 6 input functions                    ; 12        ;
;     -- 5 input functions                    ; 4         ;
;     -- 4 input functions                    ; 345       ;
;     -- <=3 input functions                  ; 848       ;
;                                             ;           ;
; Dedicated logic registers                   ; 562       ;
;                                             ;           ;
; I/O pins                                    ; 530       ;
;                                             ;           ;
; Total DSP Blocks                            ; 0         ;
;                                             ;           ;
; Maximum fan-out node                        ; clk~input ;
; Maximum fan-out                             ; 562       ;
; Total fan-out                               ; 7047      ;
; Average fan-out                             ; 2.49      ;
+---------------------------------------------+-----------+


+-----------------------------------------------------------------------------------------------------------------------------------------------------------------------------------------------------------------------------------------------------------------------------------------------------------------+
; Analysis & Synthesis Resource Utilization by Entity                                                                                                                                                                                                                                                             ;
+----------------------------------------+---------------------+---------------------------+-------------------+------------+------+--------------+------------------------------------------------------------------------------------------------------------------------+-----------------------+--------------+
; Compilation Hierarchy Node             ; Combinational ALUTs ; Dedicated Logic Registers ; Block Memory Bits ; DSP Blocks ; Pins ; Virtual Pins ; Full Hierarchy Name                                                                                                    ; Entity Name           ; Library Name ;
+----------------------------------------+---------------------+---------------------------+-------------------+------------+------+--------------+------------------------------------------------------------------------------------------------------------------------+-----------------------+--------------+
; |audio_averaging_shift                 ; 1209 (101)          ; 562 (562)                 ; 0                 ; 0          ; 530  ; 0            ; |audio_averaging_shift                                                                                                 ; audio_averaging_shift ; work         ;
;    |lpm_divide:Div0|                   ; 554 (0)             ; 0 (0)                     ; 0                 ; 0          ; 0    ; 0            ; |audio_averaging_shift|lpm_divide:Div0                                                                                 ; lpm_divide            ; work         ;
;       |lpm_divide_4dm:auto_generated|  ; 554 (0)             ; 0 (0)                     ; 0                 ; 0          ; 0    ; 0            ; |audio_averaging_shift|lpm_divide:Div0|lpm_divide_4dm:auto_generated                                                   ; lpm_divide_4dm        ; work         ;
;          |sign_div_unsign_9nh:divider| ; 554 (0)             ; 0 (0)                     ; 0                 ; 0          ; 0    ; 0            ; |audio_averaging_shift|lpm_divide:Div0|lpm_divide_4dm:auto_generated|sign_div_unsign_9nh:divider                       ; sign_div_unsign_9nh   ; work         ;
;             |alt_u_div_o2f:divider|    ; 554 (554)           ; 0 (0)                     ; 0                 ; 0          ; 0    ; 0            ; |audio_averaging_shift|lpm_divide:Div0|lpm_divide_4dm:auto_generated|sign_div_unsign_9nh:divider|alt_u_div_o2f:divider ; alt_u_div_o2f         ; work         ;
;    |lpm_divide:Div1|                   ; 554 (0)             ; 0 (0)                     ; 0                 ; 0          ; 0    ; 0            ; |audio_averaging_shift|lpm_divide:Div1                                                                                 ; lpm_divide            ; work         ;
;       |lpm_divide_4dm:auto_generated|  ; 554 (0)             ; 0 (0)                     ; 0                 ; 0          ; 0    ; 0            ; |audio_averaging_shift|lpm_divide:Div1|lpm_divide_4dm:auto_generated                                                   ; lpm_divide_4dm        ; work         ;
;          |sign_div_unsign_9nh:divider| ; 554 (0)             ; 0 (0)                     ; 0                 ; 0          ; 0    ; 0            ; |audio_averaging_shift|lpm_divide:Div1|lpm_divide_4dm:auto_generated|sign_div_unsign_9nh:divider                       ; sign_div_unsign_9nh   ; work         ;
;             |alt_u_div_o2f:divider|    ; 554 (554)           ; 0 (0)                     ; 0                 ; 0          ; 0    ; 0            ; |audio_averaging_shift|lpm_divide:Div1|lpm_divide_4dm:auto_generated|sign_div_unsign_9nh:divider|alt_u_div_o2f:divider ; alt_u_div_o2f         ; work         ;
+----------------------------------------+---------------------+---------------------------+-------------------+------------+------+--------------+------------------------------------------------------------------------------------------------------------------------+-----------------------+--------------+
Note: For table entries with two numbers listed, the numbers in parentheses indicate the number of resources of the given type used by the specific entity alone. The numbers listed outside of parentheses indicate the total resources of the given type used by the specific entity and all of its sub-entities in the hierarchy.


+------------------------------------------------------+
; General Register Statistics                          ;
+----------------------------------------------+-------+
; Statistic                                    ; Value ;
+----------------------------------------------+-------+
; Total registers                              ; 562   ;
; Number of registers using Synchronous Clear  ; 561   ;
; Number of registers using Synchronous Load   ; 1     ;
; Number of registers using Asynchronous Clear ; 0     ;
; Number of registers using Asynchronous Load  ; 0     ;
; Number of registers using Clock Enable       ; 504   ;
; Number of registers using Preset             ; 0     ;
+----------------------------------------------+-------+


+-------------------------------------------------------------------------------------------------------------------------------------------------------+
; Multiplexer Restructuring Statistics (Restructuring Performed)                                                                                        ;
+--------------------+-----------+---------------+----------------------+------------------------+------------+-----------------------------------------+
; Multiplexer Inputs ; Bus Width ; Baseline Area ; Area if Restructured ; Saving if Restructured ; Registered ; Example Multiplexer Output              ;
+--------------------+-----------+---------------+----------------------+------------------------+------------+-----------------------------------------+
; 3:1                ; 480 bits  ; 960 LEs       ; 0 LEs                ; 960 LEs                ; Yes        ; |audio_averaging_shift|amps[18][1]~reg0 ;
; 3:1                ; 24 bits   ; 48 LEs        ; 0 LEs                ; 48 LEs                 ; Yes        ; |audio_averaging_shift|avg[4]           ;
; 3:1                ; 31 bits   ; 62 LEs        ; 0 LEs                ; 62 LEs                 ; Yes        ; |audio_averaging_shift|count[18]        ;
+--------------------+-----------+---------------+----------------------+------------------------+------------+-----------------------------------------+


+---------------------------------------------------------------------------------------+
; Parameter Settings for User Entity Instance: Top-level Entity: |audio_averaging_shift ;
+----------------+-------+--------------------------------------------------------------+
; Parameter Name ; Value ; Type                                                         ;
+----------------+-------+--------------------------------------------------------------+
; UPDATE_FREQ    ; 5     ; Signed Integer                                               ;
+----------------+-------+--------------------------------------------------------------+
Note: In order to hide this table in the UI and the text report file, please set the "Show Parameter Settings in Synthesis Report" option in "Analysis and Synthesis Settings -> More Settings" to "Off".


+------------------------------------------------------------------+
; Parameter Settings for Inferred Entity Instance: lpm_divide:Div0 ;
+------------------------+----------------+------------------------+
; Parameter Name         ; Value          ; Type                   ;
+------------------------+----------------+------------------------+
; LPM_WIDTHN             ; 24             ; Untyped                ;
; LPM_WIDTHD             ; 32             ; Untyped                ;
; LPM_NREPRESENTATION    ; UNSIGNED       ; Untyped                ;
; LPM_DREPRESENTATION    ; UNSIGNED       ; Untyped                ;
; LPM_PIPELINE           ; 0              ; Untyped                ;
; LPM_REMAINDERPOSITIVE  ; TRUE           ; Untyped                ;
; MAXIMIZE_SPEED         ; 5              ; Untyped                ;
; CBXI_PARAMETER         ; lpm_divide_4dm ; Untyped                ;
; CARRY_CHAIN            ; MANUAL         ; Untyped                ;
; OPTIMIZE_FOR_SPEED     ; 5              ; Untyped                ;
; AUTO_CARRY_CHAINS      ; ON             ; AUTO_CARRY             ;
; IGNORE_CARRY_BUFFERS   ; OFF            ; IGNORE_CARRY           ;
; AUTO_CASCADE_CHAINS    ; ON             ; AUTO_CASCADE           ;
; IGNORE_CASCADE_BUFFERS ; OFF            ; IGNORE_CASCADE         ;
+------------------------+----------------+------------------------+
Note: In order to hide this table in the UI and the text report file, please set the "Show Parameter Settings in Synthesis Report" option in "Analysis and Synthesis Settings -> More Settings" to "Off".


+------------------------------------------------------------------+
; Parameter Settings for Inferred Entity Instance: lpm_divide:Div1 ;
+------------------------+----------------+------------------------+
; Parameter Name         ; Value          ; Type                   ;
+------------------------+----------------+------------------------+
; LPM_WIDTHN             ; 24             ; Untyped                ;
; LPM_WIDTHD             ; 32             ; Untyped                ;
; LPM_NREPRESENTATION    ; UNSIGNED       ; Untyped                ;
; LPM_DREPRESENTATION    ; UNSIGNED       ; Untyped                ;
; LPM_PIPELINE           ; 0              ; Untyped                ;
; LPM_REMAINDERPOSITIVE  ; TRUE           ; Untyped                ;
; MAXIMIZE_SPEED         ; 5              ; Untyped                ;
; CBXI_PARAMETER         ; lpm_divide_4dm ; Untyped                ;
; CARRY_CHAIN            ; MANUAL         ; Untyped                ;
; OPTIMIZE_FOR_SPEED     ; 5              ; Untyped                ;
; AUTO_CARRY_CHAINS      ; ON             ; AUTO_CARRY             ;
; IGNORE_CARRY_BUFFERS   ; OFF            ; IGNORE_CARRY           ;
; AUTO_CASCADE_CHAINS    ; ON             ; AUTO_CASCADE           ;
; IGNORE_CASCADE_BUFFERS ; OFF            ; IGNORE_CASCADE         ;
+------------------------+----------------+------------------------+
Note: In order to hide this table in the UI and the text report file, please set the "Show Parameter Settings in Synthesis Report" option in "Analysis and Synthesis Settings -> More Settings" to "Off".


+-----------------------------------------------------+
; Post-Synthesis Netlist Statistics for Top Partition ;
+-----------------------+-----------------------------+
; Type                  ; Count                       ;
+-----------------------+-----------------------------+
; arriav_ff             ; 562                         ;
;     ENA SCLR          ; 504                         ;
;     SCLR              ; 57                          ;
;     SLD               ; 1                           ;
; arriav_lcell_comb     ; 1209                        ;
;     arith             ; 568                         ;
;         0 data inputs ; 32                          ;
;         1 data inputs ; 63                          ;
;         2 data inputs ; 56                          ;
;         3 data inputs ; 216                         ;
;         4 data inputs ; 201                         ;
;     normal            ; 591                         ;
;         2 data inputs ; 370                         ;
;         3 data inputs ; 61                          ;
;         4 data inputs ; 144                         ;
;         5 data inputs ; 4                           ;
;         6 data inputs ; 12                          ;
;     shared            ; 50                          ;
;         0 data inputs ; 18                          ;
;         1 data inputs ; 32                          ;
; boundary_port         ; 530                         ;
;                       ;                             ;
; Max LUT depth         ; 38.60                       ;
; Average LUT depth     ; 26.09                       ;
+-----------------------+-----------------------------+


+-------------------------------+
; Elapsed Time Per Partition    ;
+----------------+--------------+
; Partition Name ; Elapsed Time ;
+----------------+--------------+
; Top            ; 00:00:01     ;
+----------------+--------------+


+-------------------------------+
; Analysis & Synthesis Messages ;
+-------------------------------+
Info: *******************************************************************
Info: Running Quartus Prime Analysis & Synthesis
    Info: Version 17.0.0 Build 595 04/25/2017 SJ Lite Edition
    Info: Processing started: Thu May 27 14:36:53 2021
Info: Command: quartus_map --read_settings_files=on --write_settings_files=off Lab6 -c DE1_SoC
Info (20030): Parallel compilation is enabled and will use 16 of the 16 processors detected
Info (12021): Found 2 design units, including 2 entities, in source file height_picker.sv
    Info (12023): Found entity 1: height_picker File: D:/UW/ee371labs/EE.CSE371/height_picker.sv Line: 10
    Info (12023): Found entity 2: height_picker_testbench File: D:/UW/ee371labs/EE.CSE371/height_picker.sv Line: 26
Info (12021): Found 2 design units, including 2 entities, in source file color_picker.sv
    Info (12023): Found entity 1: color_picker File: D:/UW/ee371labs/EE.CSE371/color_picker.sv Line: 13
    Info (12023): Found entity 2: color_picker_testbench File: D:/UW/ee371labs/EE.CSE371/color_picker.sv Line: 47
Info (12021): Found 1 design units, including 1 entities, in source file clock_generator.v
    Info (12023): Found entity 1: clock_generator File: D:/UW/ee371labs/EE.CSE371/clock_generator.v Line: 48
Info (12021): Found 1 design units, including 1 entities, in source file audio_codec.v
    Info (12023): Found entity 1: audio_codec File: D:/UW/ee371labs/EE.CSE371/audio_codec.v Line: 49
Info (12021): Found 1 design units, including 1 entities, in source file audio_and_video_config.v
    Info (12023): Found entity 1: audio_and_video_config File: D:/UW/ee371labs/EE.CSE371/audio_and_video_config.v Line: 49
Info (12021): Found 1 design units, including 1 entities, in source file altera_up_sync_fifo.v
    Info (12023): Found entity 1: Altera_UP_SYNC_FIFO File: D:/UW/ee371labs/EE.CSE371/Altera_UP_SYNC_FIFO.v Line: 47
Info (12021): Found 1 design units, including 1 entities, in source file altera_up_slow_clock_generator.v
    Info (12023): Found entity 1: Altera_UP_Slow_Clock_Generator File: D:/UW/ee371labs/EE.CSE371/Altera_UP_Slow_Clock_Generator.v Line: 53
Info (12021): Found 1 design units, including 1 entities, in source file altera_up_i2c_lcm_auto_initialize.v
    Info (12023): Found entity 1: Altera_UP_I2C_LCM_Auto_Initialize File: D:/UW/ee371labs/EE.CSE371/Altera_UP_I2C_LCM_Auto_Initialize.v Line: 48
Info (12021): Found 1 design units, including 1 entities, in source file altera_up_i2c_dc_auto_initialize.v
    Info (12023): Found entity 1: Altera_UP_I2C_DC_Auto_Initialize File: D:/UW/ee371labs/EE.CSE371/Altera_UP_I2C_DC_Auto_Initialize.v Line: 48
Info (12021): Found 1 design units, including 1 entities, in source file altera_up_i2c_av_auto_initialize.v
    Info (12023): Found entity 1: Altera_UP_I2C_AV_Auto_Initialize File: D:/UW/ee371labs/EE.CSE371/Altera_UP_I2C_AV_Auto_Initialize.v Line: 48
Info (12021): Found 1 design units, including 1 entities, in source file altera_up_i2c.v
    Info (12023): Found entity 1: Altera_UP_I2C File: D:/UW/ee371labs/EE.CSE371/Altera_UP_I2C.v Line: 48
Info (12021): Found 1 design units, including 1 entities, in source file altera_up_clock_edge.v
    Info (12023): Found entity 1: Altera_UP_Clock_Edge File: D:/UW/ee371labs/EE.CSE371/Altera_UP_Clock_Edge.v Line: 48
Info (12021): Found 1 design units, including 1 entities, in source file altera_up_audio_out_serializer.v
    Info (12023): Found entity 1: Altera_UP_Audio_Out_Serializer File: D:/UW/ee371labs/EE.CSE371/Altera_UP_Audio_Out_Serializer.v Line: 47
Info (12021): Found 1 design units, including 1 entities, in source file altera_up_audio_in_deserializer.v
    Info (12023): Found entity 1: Altera_UP_Audio_In_Deserializer File: D:/UW/ee371labs/EE.CSE371/Altera_UP_Audio_In_Deserializer.v Line: 47
Info (12021): Found 1 design units, including 1 entities, in source file altera_up_audio_bit_counter.v
    Info (12023): Found entity 1: Altera_UP_Audio_Bit_Counter File: D:/UW/ee371labs/EE.CSE371/Altera_UP_Audio_Bit_Counter.v Line: 49
Info (12021): Found 1 design units, including 1 entities, in source file clock25_pll.v
    Info (12023): Found entity 1: CLOCK25_PLL File: D:/UW/ee371labs/EE.CSE371/CLOCK25_PLL.v Line: 8
Info (12021): Found 1 design units, including 1 entities, in source file clock25_pll/clock25_pll_0002.v
    Info (12023): Found entity 1: CLOCK25_PLL_0002 File: D:/UW/ee371labs/EE.CSE371/CLOCK25_PLL/CLOCK25_PLL_0002.v Line: 2
Info (12021): Found 1 design units, including 1 entities, in source file video_driver.sv
    Info (12023): Found entity 1: video_driver File: D:/UW/ee371labs/EE.CSE371/video_driver.sv Line: 1
Info (12021): Found 1 design units, including 1 entities, in source file de1_soc.sv
    Info (12023): Found entity 1: DE1_SoC File: D:/UW/ee371labs/EE.CSE371/DE1_SoC.sv Line: 1
Info (12021): Found 1 design units, including 1 entities, in source file de1_soc_golden_top.v
    Info (12023): Found entity 1: DE1_SOC_golden_top File: D:/UW/ee371labs/EE.CSE371/DE1_SOC_golden_top.v Line: 54
Info (12021): Found 1 design units, including 1 entities, in source file altera_up_avalon_video_vga_timing.v
    Info (12023): Found entity 1: altera_up_avalon_video_vga_timing File: D:/UW/ee371labs/EE.CSE371/altera_up_avalon_video_vga_timing.v Line: 47
Info (12021): Found 2 design units, including 2 entities, in source file bar_drawer.sv
    Info (12023): Found entity 1: bar_drawer File: D:/UW/ee371labs/EE.CSE371/bar_drawer.sv Line: 16
    Info (12023): Found entity 2: bar_drawer_testbench File: D:/UW/ee371labs/EE.CSE371/bar_drawer.sv Line: 56
Info (12021): Found 2 design units, including 2 entities, in source file audio_averaging_shift.sv
    Info (12023): Found entity 1: audio_averaging_shift File: D:/UW/ee371labs/EE.CSE371/audio_averaging_shift.sv Line: 6
    Info (12023): Found entity 2: audio_averaging_shift_testbench File: D:/UW/ee371labs/EE.CSE371/audio_averaging_shift.sv Line: 94
Info (12127): Elaborating entity "audio_averaging_shift" for the top level hierarchy
Warning (10230): Verilog HDL assignment warning at audio_averaging_shift.sv(55): truncated value with size 32 to match size of target (24) File: D:/UW/ee371labs/EE.CSE371/audio_averaging_shift.sv Line: 55
Warning (10230): Verilog HDL assignment warning at audio_averaging_shift.sv(58): truncated value with size 32 to match size of target (24) File: D:/UW/ee371labs/EE.CSE371/audio_averaging_shift.sv Line: 58
Info (278001): Inferred 2 megafunctions from design logic
    Info (278004): Inferred divider/modulo megafunction ("lpm_divide") from the following logic: "Div0" File: D:/UW/ee371labs/EE.CSE371/audio_averaging_shift.sv Line: 58
    Info (278004): Inferred divider/modulo megafunction ("lpm_divide") from the following logic: "Div1" File: D:/UW/ee371labs/EE.CSE371/audio_averaging_shift.sv Line: 58
Info (12130): Elaborated megafunction instantiation "lpm_divide:Div0" File: D:/UW/ee371labs/EE.CSE371/audio_averaging_shift.sv Line: 58
Info (12133): Instantiated megafunction "lpm_divide:Div0" with the following parameter: File: D:/UW/ee371labs/EE.CSE371/audio_averaging_shift.sv Line: 58
    Info (12134): Parameter "LPM_WIDTHN" = "24"
    Info (12134): Parameter "LPM_WIDTHD" = "32"
    Info (12134): Parameter "LPM_NREPRESENTATION" = "UNSIGNED"
    Info (12134): Parameter "LPM_DREPRESENTATION" = "UNSIGNED"
Info (12021): Found 1 design units, including 1 entities, in source file db/lpm_divide_4dm.tdf
    Info (12023): Found entity 1: lpm_divide_4dm File: D:/UW/ee371labs/EE.CSE371/db/lpm_divide_4dm.tdf Line: 25
Info (12021): Found 1 design units, including 1 entities, in source file db/sign_div_unsign_9nh.tdf
    Info (12023): Found entity 1: sign_div_unsign_9nh File: D:/UW/ee371labs/EE.CSE371/db/sign_div_unsign_9nh.tdf Line: 25
Info (12021): Found 1 design units, including 1 entities, in source file db/alt_u_div_o2f.tdf
    Info (12023): Found entity 1: alt_u_div_o2f File: D:/UW/ee371labs/EE.CSE371/db/alt_u_div_o2f.tdf Line: 23
Info (286030): Timing-Driven Synthesis is running
Warning (20013): Ignored 16 assignments for entity "CLOCK25_PLL" -- entity does not exist in design
    Warning (20014): Assignment for entity set_global_assignment -name IP_TOOL_NAME altera_pll -entity CLOCK25_PLL -sip CLOCK25_PLL.sip -library lib_CLOCK25_PLL was ignored
    Warning (20014): Assignment for entity set_global_assignment -name IP_TOOL_VERSION 17.0 -entity CLOCK25_PLL -sip CLOCK25_PLL.sip -library lib_CLOCK25_PLL was ignored
    Warning (20014): Assignment for entity set_global_assignment -name IP_TOOL_ENV mwpim -entity CLOCK25_PLL -sip CLOCK25_PLL.sip -library lib_CLOCK25_PLL was ignored
Warning (20013): Ignored 317 assignments for entity "CLOCK25_PLL_0002" -- entity does not exist in design
Info (144001): Generated suppressed messages file D:/UW/ee371labs/EE.CSE371/output_files/DE1_SoC.map.smsg
Info (16010): Generating hard_block partition "hard_block:auto_generated_inst"
    Info (16011): Adding 0 node(s), including 0 DDIO, 0 PLL, 0 transceiver and 0 LCELL
Info (21057): Implemented 2275 device resources after synthesis - the final resource count might be different
    Info (21058): Implemented 50 input pins
    Info (21059): Implemented 480 output pins
    Info (21061): Implemented 1745 logic cells
Info: Quartus Prime Analysis & Synthesis was successful. 0 errors, 7 warnings
    Info: Peak virtual memory: 4889 megabytes
    Info: Processing ended: Thu May 27 14:37:05 2021
    Info: Elapsed time: 00:00:12
    Info: Total CPU time (on all processors): 00:00:27


+------------------------------------------+
; Analysis & Synthesis Suppressed Messages ;
+------------------------------------------+
The suppressed messages can be found in D:/UW/ee371labs/EE.CSE371/output_files/DE1_SoC.map.smsg.


