Analysis & Synthesis report for DE1_SoC
Sun Apr 18 09:55:45 2021
Quartus Prime Version 17.0.0 Build 595 04/25/2017 SJ Lite Edition


---------------------
; Table of Contents ;
---------------------
  1. Legal Notice
  2. Analysis & Synthesis Summary
  3. Analysis & Synthesis Settings
  4. Parallel Compilation
  5. Analysis & Synthesis Source Files Read
  6. Analysis & Synthesis Resource Usage Summary
  7. Analysis & Synthesis Resource Utilization by Entity
  8. Analysis & Synthesis RAM Summary
  9. Analysis & Synthesis IP Cores Summary
 10. Registers Removed During Synthesis
 11. General Register Statistics
 12. Multiplexer Restructuring Statistics (Restructuring Performed)
 13. Source assignments for FIFO:queue|ram16x8:RAM|altsyncram:altsyncram_component|altsyncram_kg12:auto_generated
 14. Parameter Settings for User Entity Instance: FIFO:queue
 15. Parameter Settings for User Entity Instance: FIFO:queue|ram16x8:RAM|altsyncram:altsyncram_component
 16. Parameter Settings for User Entity Instance: FIFO:queue|FIFO_Control:FC
 17. altsyncram Parameter Settings by Entity Instance
 18. Post-Synthesis Netlist Statistics for Top Partition
 19. Elapsed Time Per Partition
 20. Analysis & Synthesis Messages
 21. Analysis & Synthesis Suppressed Messages



----------------
; Legal Notice ;
----------------
Copyright (C) 2017  Intel Corporation. All rights reserved.
Your use of Intel Corporation's design tools, logic functions 
and other software and tools, and its AMPP partner logic 
functions, and any output files from any of the foregoing 
(including device programming or simulation files), and any 
associated documentation or information are expressly subject 
to the terms and conditions of the Intel Program License 
Subscription Agreement, the Intel Quartus Prime License Agreement,
the Intel MegaCore Function License Agreement, or other 
applicable license agreement, including, without limitation, 
that your use is for the sole purpose of programming logic 
devices manufactured by Intel and sold by Intel or its 
authorized distributors.  Please refer to the applicable 
agreement for further details.



+-------------------------------------------------------------------------------+
; Analysis & Synthesis Summary                                                  ;
+---------------------------------+---------------------------------------------+
; Analysis & Synthesis Status     ; Successful - Sun Apr 18 09:55:45 2021       ;
; Quartus Prime Version           ; 17.0.0 Build 595 04/25/2017 SJ Lite Edition ;
; Revision Name                   ; DE1_SoC                                     ;
; Top-level Entity Name           ; DE1_SoC                                     ;
; Family                          ; Cyclone V                                   ;
; Logic utilization (in ALMs)     ; N/A                                         ;
; Total registers                 ; 56                                          ;
; Total pins                      ; 67                                          ;
; Total virtual pins              ; 0                                           ;
; Total block memory bits         ; 128                                         ;
; Total DSP Blocks                ; 0                                           ;
; Total HSSI RX PCSs              ; 0                                           ;
; Total HSSI PMA RX Deserializers ; 0                                           ;
; Total HSSI TX PCSs              ; 0                                           ;
; Total HSSI PMA TX Serializers   ; 0                                           ;
; Total PLLs                      ; 0                                           ;
; Total DLLs                      ; 0                                           ;
+---------------------------------+---------------------------------------------+


+---------------------------------------------------------------------------------------------------------------------------+
; Analysis & Synthesis Settings                                                                                             ;
+---------------------------------------------------------------------------------+--------------------+--------------------+
; Option                                                                          ; Setting            ; Default Value      ;
+---------------------------------------------------------------------------------+--------------------+--------------------+
; Device                                                                          ; 5CSEMA5F31C6       ;                    ;
; Top-level entity name                                                           ; DE1_SoC            ; DE1_SoC            ;
; Family name                                                                     ; Cyclone V          ; Cyclone V          ;
; State Machine Processing                                                        ; User-Encoded       ; Auto               ;
; Use smart compilation                                                           ; Off                ; Off                ;
; Enable parallel Assembler and TimeQuest Timing Analyzer during compilation      ; On                 ; On                 ;
; Enable compact report table                                                     ; Off                ; Off                ;
; Restructure Multiplexers                                                        ; Auto               ; Auto               ;
; MLAB Add Timing Constraints For Mixed-Port Feed-Through Mode Setting Don't Care ; Off                ; Off                ;
; Create Debugging Nodes for IP Cores                                             ; Off                ; Off                ;
; Preserve fewer node names                                                       ; On                 ; On                 ;
; OpenCore Plus hardware evaluation                                               ; Enable             ; Enable             ;
; Verilog Version                                                                 ; Verilog_2001       ; Verilog_2001       ;
; VHDL Version                                                                    ; VHDL_1993          ; VHDL_1993          ;
; Safe State Machine                                                              ; Off                ; Off                ;
; Extract Verilog State Machines                                                  ; On                 ; On                 ;
; Extract VHDL State Machines                                                     ; On                 ; On                 ;
; Ignore Verilog initial constructs                                               ; Off                ; Off                ;
; Iteration limit for constant Verilog loops                                      ; 5000               ; 5000               ;
; Iteration limit for non-constant Verilog loops                                  ; 250                ; 250                ;
; Add Pass-Through Logic to Inferred RAMs                                         ; On                 ; On                 ;
; Infer RAMs from Raw Logic                                                       ; On                 ; On                 ;
; Parallel Synthesis                                                              ; On                 ; On                 ;
; DSP Block Balancing                                                             ; Auto               ; Auto               ;
; NOT Gate Push-Back                                                              ; On                 ; On                 ;
; Power-Up Don't Care                                                             ; On                 ; On                 ;
; Remove Redundant Logic Cells                                                    ; Off                ; Off                ;
; Remove Duplicate Registers                                                      ; On                 ; On                 ;
; Ignore CARRY Buffers                                                            ; Off                ; Off                ;
; Ignore CASCADE Buffers                                                          ; Off                ; Off                ;
; Ignore GLOBAL Buffers                                                           ; Off                ; Off                ;
; Ignore ROW GLOBAL Buffers                                                       ; Off                ; Off                ;
; Ignore LCELL Buffers                                                            ; Off                ; Off                ;
; Ignore SOFT Buffers                                                             ; On                 ; On                 ;
; Limit AHDL Integers to 32 Bits                                                  ; Off                ; Off                ;
; Optimization Technique                                                          ; Balanced           ; Balanced           ;
; Carry Chain Length                                                              ; 70                 ; 70                 ;
; Auto Carry Chains                                                               ; On                 ; On                 ;
; Auto Open-Drain Pins                                                            ; On                 ; On                 ;
; Perform WYSIWYG Primitive Resynthesis                                           ; Off                ; Off                ;
; Auto ROM Replacement                                                            ; On                 ; On                 ;
; Auto RAM Replacement                                                            ; On                 ; On                 ;
; Auto DSP Block Replacement                                                      ; On                 ; On                 ;
; Auto Shift Register Replacement                                                 ; Auto               ; Auto               ;
; Allow Shift Register Merging across Hierarchies                                 ; Auto               ; Auto               ;
; Auto Clock Enable Replacement                                                   ; On                 ; On                 ;
; Strict RAM Replacement                                                          ; Off                ; Off                ;
; Allow Synchronous Control Signals                                               ; On                 ; On                 ;
; Force Use of Synchronous Clear Signals                                          ; Off                ; Off                ;
; Auto Resource Sharing                                                           ; Off                ; Off                ;
; Allow Any RAM Size For Recognition                                              ; Off                ; Off                ;
; Allow Any ROM Size For Recognition                                              ; Off                ; Off                ;
; Allow Any Shift Register Size For Recognition                                   ; Off                ; Off                ;
; Use LogicLock Constraints during Resource Balancing                             ; On                 ; On                 ;
; Ignore translate_off and synthesis_off directives                               ; Off                ; Off                ;
; Timing-Driven Synthesis                                                         ; On                 ; On                 ;
; Report Parameter Settings                                                       ; On                 ; On                 ;
; Report Source Assignments                                                       ; On                 ; On                 ;
; Report Connectivity Checks                                                      ; On                 ; On                 ;
; Ignore Maximum Fan-Out Assignments                                              ; Off                ; Off                ;
; Synchronization Register Chain Length                                           ; 3                  ; 3                  ;
; PowerPlay Power Optimization During Synthesis                                   ; Normal compilation ; Normal compilation ;
; HDL message level                                                               ; Level2             ; Level2             ;
; Suppress Register Optimization Related Messages                                 ; Off                ; Off                ;
; Number of Removed Registers Reported in Synthesis Report                        ; 5000               ; 5000               ;
; Number of Swept Nodes Reported in Synthesis Report                              ; 5000               ; 5000               ;
; Number of Inverted Registers Reported in Synthesis Report                       ; 100                ; 100                ;
; Clock MUX Protection                                                            ; On                 ; On                 ;
; Auto Gated Clock Conversion                                                     ; Off                ; Off                ;
; Block Design Naming                                                             ; Auto               ; Auto               ;
; SDC constraint protection                                                       ; Off                ; Off                ;
; Synthesis Effort                                                                ; Auto               ; Auto               ;
; Shift Register Replacement - Allow Asynchronous Clear Signal                    ; On                 ; On                 ;
; Pre-Mapping Resynthesis Optimization                                            ; Off                ; Off                ;
; Analysis & Synthesis Message Level                                              ; Medium             ; Medium             ;
; Disable Register Merging Across Hierarchies                                     ; Auto               ; Auto               ;
; Resource Aware Inference For Block RAM                                          ; On                 ; On                 ;
; Automatic Parallel Synthesis                                                    ; On                 ; On                 ;
; Partial Reconfiguration Bitstream ID                                            ; Off                ; Off                ;
+---------------------------------------------------------------------------------+--------------------+--------------------+


+------------------------------------------+
; Parallel Compilation                     ;
+----------------------------+-------------+
; Processors                 ; Number      ;
+----------------------------+-------------+
; Number detected on machine ; 16          ;
; Maximum allowed            ; 16          ;
;                            ;             ;
; Average used               ; 1.00        ;
; Maximum used               ; 16          ;
;                            ;             ;
; Usage by Processor         ; % Time Used ;
;     Processor 1            ; 100.0%      ;
;     Processors 2-16        ;   0.0%      ;
+----------------------------+-------------+


+------------------------------------------------------------------------------------------------------------------------------------------------------------------------+
; Analysis & Synthesis Source Files Read                                                                                                                                 ;
+----------------------------------+-----------------+----------------------------------+----------------------------------------------------------------------+---------+
; File Name with User-Entered Path ; Used in Netlist ; File Type                        ; File Name with Absolute Path                                         ; Library ;
+----------------------------------+-----------------+----------------------------------+----------------------------------------------------------------------+---------+
; DE1_SoC.sv                       ; yes             ; User SystemVerilog HDL File      ; D:/UW/ee371labs/lab2/task3/DE1_SoC.sv                                ;         ;
; FIFO.sv                          ; yes             ; User SystemVerilog HDL File      ; D:/UW/ee371labs/lab2/task3/FIFO.sv                                   ;         ;
; FIFO_Control.sv                  ; yes             ; User SystemVerilog HDL File      ; D:/UW/ee371labs/lab2/task3/FIFO_Control.sv                           ;         ;
; ram16x8.v                        ; yes             ; User Wizard-Generated File       ; D:/UW/ee371labs/lab2/task3/ram16x8.v                                 ;         ;
; ram16x8.mif                      ; yes             ; User Memory Initialization File  ; D:/UW/ee371labs/lab2/task3/ram16x8.mif                               ;         ;
; hex_driver.sv                    ; yes             ; User SystemVerilog HDL File      ; D:/UW/ee371labs/lab2/task3/hex_driver.sv                             ;         ;
; input_processing.sv              ; yes             ; User SystemVerilog HDL File      ; D:/UW/ee371labs/lab2/task3/input_processing.sv                       ;         ;
; altsyncram.tdf                   ; yes             ; Megafunction                     ; d:/quartuslite/quartus/libraries/megafunctions/altsyncram.tdf        ;         ;
; stratix_ram_block.inc            ; yes             ; Megafunction                     ; d:/quartuslite/quartus/libraries/megafunctions/stratix_ram_block.inc ;         ;
; lpm_mux.inc                      ; yes             ; Megafunction                     ; d:/quartuslite/quartus/libraries/megafunctions/lpm_mux.inc           ;         ;
; lpm_decode.inc                   ; yes             ; Megafunction                     ; d:/quartuslite/quartus/libraries/megafunctions/lpm_decode.inc        ;         ;
; aglobal170.inc                   ; yes             ; Megafunction                     ; d:/quartuslite/quartus/libraries/megafunctions/aglobal170.inc        ;         ;
; a_rdenreg.inc                    ; yes             ; Megafunction                     ; d:/quartuslite/quartus/libraries/megafunctions/a_rdenreg.inc         ;         ;
; altrom.inc                       ; yes             ; Megafunction                     ; d:/quartuslite/quartus/libraries/megafunctions/altrom.inc            ;         ;
; altram.inc                       ; yes             ; Megafunction                     ; d:/quartuslite/quartus/libraries/megafunctions/altram.inc            ;         ;
; altdpram.inc                     ; yes             ; Megafunction                     ; d:/quartuslite/quartus/libraries/megafunctions/altdpram.inc          ;         ;
; db/altsyncram_kg12.tdf           ; yes             ; Auto-Generated Megafunction      ; D:/UW/ee371labs/lab2/task3/db/altsyncram_kg12.tdf                    ;         ;
+----------------------------------+-----------------+----------------------------------+----------------------------------------------------------------------+---------+


+--------------------------------------------------------------+
; Analysis & Synthesis Resource Usage Summary                  ;
+---------------------------------------------+----------------+
; Resource                                    ; Usage          ;
+---------------------------------------------+----------------+
; Estimate of Logic utilization (ALMs needed) ; 49             ;
;                                             ;                ;
; Combinational ALUT usage for logic          ; 89             ;
;     -- 7 input functions                    ; 0              ;
;     -- 6 input functions                    ; 6              ;
;     -- 5 input functions                    ; 3              ;
;     -- 4 input functions                    ; 63             ;
;     -- <=3 input functions                  ; 17             ;
;                                             ;                ;
; Dedicated logic registers                   ; 56             ;
;                                             ;                ;
; I/O pins                                    ; 67             ;
; Total MLAB memory bits                      ; 0              ;
; Total block memory bits                     ; 128            ;
;                                             ;                ;
; Total DSP Blocks                            ; 0              ;
;                                             ;                ;
; Maximum fan-out node                        ; CLOCK_50~input ;
; Maximum fan-out                             ; 64             ;
; Total fan-out                               ; 759            ;
; Average fan-out                             ; 2.64           ;
+---------------------------------------------+----------------+


+------------------------------------------------------------------------------------------------------------------------------------------------------------------------------------------------------------------------------------------------------------------------------------------+
; Analysis & Synthesis Resource Utilization by Entity                                                                                                                                                                                                                                      ;
+----------------------------------------------+---------------------+---------------------------+-------------------+------------+------+--------------+------------------------------------------------------------------------------------------------+------------------+--------------+
; Compilation Hierarchy Node                   ; Combinational ALUTs ; Dedicated Logic Registers ; Block Memory Bits ; DSP Blocks ; Pins ; Virtual Pins ; Full Hierarchy Name                                                                            ; Entity Name      ; Library Name ;
+----------------------------------------------+---------------------+---------------------------+-------------------+------------+------+--------------+------------------------------------------------------------------------------------------------+------------------+--------------+
; |DE1_SoC                                     ; 89 (1)              ; 56 (0)                    ; 128               ; 0          ; 67   ; 0            ; |DE1_SoC                                                                                       ; DE1_SoC          ; work         ;
;    |FIFO:queue|                              ; 54 (0)              ; 47 (0)                    ; 128               ; 0          ; 0    ; 0            ; |DE1_SoC|FIFO:queue                                                                            ; FIFO             ; work         ;
;       |FIFO_Control:FC|                      ; 54 (54)             ; 47 (47)                   ; 0                 ; 0          ; 0    ; 0            ; |DE1_SoC|FIFO:queue|FIFO_Control:FC                                                            ; FIFO_Control     ; work         ;
;       |ram16x8:RAM|                          ; 0 (0)               ; 0 (0)                     ; 128               ; 0          ; 0    ; 0            ; |DE1_SoC|FIFO:queue|ram16x8:RAM                                                                ; ram16x8          ; work         ;
;          |altsyncram:altsyncram_component|   ; 0 (0)               ; 0 (0)                     ; 128               ; 0          ; 0    ; 0            ; |DE1_SoC|FIFO:queue|ram16x8:RAM|altsyncram:altsyncram_component                                ; altsyncram       ; work         ;
;             |altsyncram_kg12:auto_generated| ; 0 (0)               ; 0 (0)                     ; 128               ; 0          ; 0    ; 0            ; |DE1_SoC|FIFO:queue|ram16x8:RAM|altsyncram:altsyncram_component|altsyncram_kg12:auto_generated ; altsyncram_kg12  ; work         ;
;    |hex_driver:hex0|                         ; 7 (7)               ; 0 (0)                     ; 0                 ; 0          ; 0    ; 0            ; |DE1_SoC|hex_driver:hex0                                                                       ; hex_driver       ; work         ;
;    |hex_driver:hex1|                         ; 7 (7)               ; 0 (0)                     ; 0                 ; 0          ; 0    ; 0            ; |DE1_SoC|hex_driver:hex1                                                                       ; hex_driver       ; work         ;
;    |hex_driver:hex4|                         ; 7 (7)               ; 0 (0)                     ; 0                 ; 0          ; 0    ; 0            ; |DE1_SoC|hex_driver:hex4                                                                       ; hex_driver       ; work         ;
;    |hex_driver:hex5|                         ; 7 (7)               ; 0 (0)                     ; 0                 ; 0          ; 0    ; 0            ; |DE1_SoC|hex_driver:hex5                                                                       ; hex_driver       ; work         ;
;    |input_processing:ip1|                    ; 2 (2)               ; 3 (3)                     ; 0                 ; 0          ; 0    ; 0            ; |DE1_SoC|input_processing:ip1                                                                  ; input_processing ; work         ;
;    |input_processing:ip2|                    ; 2 (2)               ; 3 (3)                     ; 0                 ; 0          ; 0    ; 0            ; |DE1_SoC|input_processing:ip2                                                                  ; input_processing ; work         ;
;    |input_processing:ip3|                    ; 2 (2)               ; 3 (3)                     ; 0                 ; 0          ; 0    ; 0            ; |DE1_SoC|input_processing:ip3                                                                  ; input_processing ; work         ;
+----------------------------------------------+---------------------+---------------------------+-------------------+------------+------+--------------+------------------------------------------------------------------------------------------------+------------------+--------------+
Note: For table entries with two numbers listed, the numbers in parentheses indicate the number of resources of the given type used by the specific entity alone. The numbers listed outside of parentheses indicate the total resources of the given type used by the specific entity and all of its sub-entities in the hierarchy.


+-------------------------------------------------------------------------------------------------------------------------------------------------------------------------------------------------------------------+
; Analysis & Synthesis RAM Summary                                                                                                                                                                                  ;
+--------------------------------------------------------------------------------------------------+------------+------------------+--------------+--------------+--------------+--------------+------+-------------+
; Name                                                                                             ; Type       ; Mode             ; Port A Depth ; Port A Width ; Port B Depth ; Port B Width ; Size ; MIF         ;
+--------------------------------------------------------------------------------------------------+------------+------------------+--------------+--------------+--------------+--------------+------+-------------+
; FIFO:queue|ram16x8:RAM|altsyncram:altsyncram_component|altsyncram_kg12:auto_generated|ALTSYNCRAM ; M10K block ; Simple Dual Port ; 16           ; 8            ; 16           ; 8            ; 128  ; ram16x8.mif ;
+--------------------------------------------------------------------------------------------------+------------+------------------+--------------+--------------+--------------+--------------+------+-------------+


+-------------------------------------------------------------------------------------------------------------------+
; Analysis & Synthesis IP Cores Summary                                                                             ;
+--------+--------------+---------+--------------+--------------+---------------------------------+-----------------+
; Vendor ; IP Core Name ; Version ; Release Date ; License Type ; Entity Instance                 ; IP Include File ;
+--------+--------------+---------+--------------+--------------+---------------------------------+-----------------+
; Altera ; RAM: 2-PORT  ; 17.0    ; N/A          ; N/A          ; |DE1_SoC|FIFO:queue|ram16x8:RAM ; ram16x8.v       ;
+--------+--------------+---------+--------------+--------------+---------------------------------+-----------------+


+---------------------------------------------------------------------------------------+
; Registers Removed During Synthesis                                                    ;
+-----------------------------------------+---------------------------------------------+
; Register name                           ; Reason for Removal                          ;
+-----------------------------------------+---------------------------------------------+
; input_processing:ip3|ps[1..31]          ; Stuck at GND due to stuck port data_in      ;
; input_processing:ip2|ps[1..31]          ; Stuck at GND due to stuck port data_in      ;
; input_processing:ip1|ps[1..31]          ; Stuck at GND due to stuck port data_in      ;
; FIFO:queue|FIFO_Control:FC|f[5..31]     ; Merged with FIFO:queue|FIFO_Control:FC|f[4] ;
; FIFO:queue|FIFO_Control:FC|f[4]         ; Lost fanout                                 ;
; Total Number of Removed Registers = 121 ;                                             ;
+-----------------------------------------+---------------------------------------------+


+------------------------------------------------------+
; General Register Statistics                          ;
+----------------------------------------------+-------+
; Statistic                                    ; Value ;
+----------------------------------------------+-------+
; Total registers                              ; 56    ;
; Number of registers using Synchronous Clear  ; 40    ;
; Number of registers using Synchronous Load   ; 6     ;
; Number of registers using Asynchronous Clear ; 0     ;
; Number of registers using Asynchronous Load  ; 0     ;
; Number of registers using Clock Enable       ; 44    ;
; Number of registers using Preset             ; 0     ;
+----------------------------------------------+-------+


+----------------------------------------------------------------------------------------------------------------------------------------------------------------+
; Multiplexer Restructuring Statistics (Restructuring Performed)                                                                                                 ;
+--------------------+-----------+---------------+----------------------+------------------------+------------+--------------------------------------------------+
; Multiplexer Inputs ; Bus Width ; Baseline Area ; Area if Restructured ; Saving if Restructured ; Registered ; Example Multiplexer Output                       ;
+--------------------+-----------+---------------+----------------------+------------------------+------------+--------------------------------------------------+
; 3:1                ; 4 bits    ; 8 LEs         ; 4 LEs                ; 4 LEs                  ; Yes        ; |DE1_SoC|FIFO:queue|FIFO_Control:FC|writeAddr[2] ;
; 3:1                ; 9 bits    ; 18 LEs        ; 0 LEs                ; 18 LEs                 ; Yes        ; |DE1_SoC|FIFO:queue|FIFO_Control:FC|f[1]         ;
; 4:1                ; 32 bits   ; 64 LEs        ; 0 LEs                ; 64 LEs                 ; Yes        ; |DE1_SoC|FIFO:queue|FIFO_Control:FC|n[2]         ;
+--------------------+-----------+---------------+----------------------+------------------------+------------+--------------------------------------------------+


+--------------------------------------------------------------------------------------------------------------+
; Source assignments for FIFO:queue|ram16x8:RAM|altsyncram:altsyncram_component|altsyncram_kg12:auto_generated ;
+---------------------------------+--------------------+------+------------------------------------------------+
; Assignment                      ; Value              ; From ; To                                             ;
+---------------------------------+--------------------+------+------------------------------------------------+
; OPTIMIZE_POWER_DURING_SYNTHESIS ; NORMAL_COMPILATION ; -    ; -                                              ;
+---------------------------------+--------------------+------+------------------------------------------------+


+---------------------------------------------------------+
; Parameter Settings for User Entity Instance: FIFO:queue ;
+----------------+-------+--------------------------------+
; Parameter Name ; Value ; Type                           ;
+----------------+-------+--------------------------------+
; depth          ; 4     ; Signed Integer                 ;
; width          ; 8     ; Signed Integer                 ;
+----------------+-------+--------------------------------+
Note: In order to hide this table in the UI and the text report file, please set the "Show Parameter Settings in Synthesis Report" option in "Analysis and Synthesis Settings -> More Settings" to "Off".


+-----------------------------------------------------------------------------------------------------+
; Parameter Settings for User Entity Instance: FIFO:queue|ram16x8:RAM|altsyncram:altsyncram_component ;
+------------------------------------+----------------------+-----------------------------------------+
; Parameter Name                     ; Value                ; Type                                    ;
+------------------------------------+----------------------+-----------------------------------------+
; BYTE_SIZE_BLOCK                    ; 8                    ; Untyped                                 ;
; AUTO_CARRY_CHAINS                  ; ON                   ; AUTO_CARRY                              ;
; IGNORE_CARRY_BUFFERS               ; OFF                  ; IGNORE_CARRY                            ;
; AUTO_CASCADE_CHAINS                ; ON                   ; AUTO_CASCADE                            ;
; IGNORE_CASCADE_BUFFERS             ; OFF                  ; IGNORE_CASCADE                          ;
; WIDTH_BYTEENA                      ; 1                    ; Untyped                                 ;
; OPERATION_MODE                     ; DUAL_PORT            ; Untyped                                 ;
; WIDTH_A                            ; 8                    ; Signed Integer                          ;
; WIDTHAD_A                          ; 4                    ; Signed Integer                          ;
; NUMWORDS_A                         ; 16                   ; Signed Integer                          ;
; OUTDATA_REG_A                      ; UNREGISTERED         ; Untyped                                 ;
; ADDRESS_ACLR_A                     ; NONE                 ; Untyped                                 ;
; OUTDATA_ACLR_A                     ; NONE                 ; Untyped                                 ;
; WRCONTROL_ACLR_A                   ; NONE                 ; Untyped                                 ;
; INDATA_ACLR_A                      ; NONE                 ; Untyped                                 ;
; BYTEENA_ACLR_A                     ; NONE                 ; Untyped                                 ;
; WIDTH_B                            ; 8                    ; Signed Integer                          ;
; WIDTHAD_B                          ; 4                    ; Signed Integer                          ;
; NUMWORDS_B                         ; 16                   ; Signed Integer                          ;
; INDATA_REG_B                       ; CLOCK1               ; Untyped                                 ;
; WRCONTROL_WRADDRESS_REG_B          ; CLOCK1               ; Untyped                                 ;
; RDCONTROL_REG_B                    ; CLOCK1               ; Untyped                                 ;
; ADDRESS_REG_B                      ; CLOCK0               ; Untyped                                 ;
; OUTDATA_REG_B                      ; CLOCK0               ; Untyped                                 ;
; BYTEENA_REG_B                      ; CLOCK1               ; Untyped                                 ;
; INDATA_ACLR_B                      ; NONE                 ; Untyped                                 ;
; WRCONTROL_ACLR_B                   ; NONE                 ; Untyped                                 ;
; ADDRESS_ACLR_B                     ; NONE                 ; Untyped                                 ;
; OUTDATA_ACLR_B                     ; NONE                 ; Untyped                                 ;
; RDCONTROL_ACLR_B                   ; NONE                 ; Untyped                                 ;
; BYTEENA_ACLR_B                     ; NONE                 ; Untyped                                 ;
; WIDTH_BYTEENA_A                    ; 1                    ; Signed Integer                          ;
; WIDTH_BYTEENA_B                    ; 1                    ; Untyped                                 ;
; RAM_BLOCK_TYPE                     ; M10K                 ; Untyped                                 ;
; BYTE_SIZE                          ; 8                    ; Untyped                                 ;
; READ_DURING_WRITE_MODE_MIXED_PORTS ; DONT_CARE            ; Untyped                                 ;
; READ_DURING_WRITE_MODE_PORT_A      ; NEW_DATA_NO_NBE_READ ; Untyped                                 ;
; READ_DURING_WRITE_MODE_PORT_B      ; NEW_DATA_NO_NBE_READ ; Untyped                                 ;
; INIT_FILE                          ; ram16x8.mif          ; Untyped                                 ;
; INIT_FILE_LAYOUT                   ; PORT_A               ; Untyped                                 ;
; MAXIMUM_DEPTH                      ; 0                    ; Untyped                                 ;
; CLOCK_ENABLE_INPUT_A               ; BYPASS               ; Untyped                                 ;
; CLOCK_ENABLE_INPUT_B               ; BYPASS               ; Untyped                                 ;
; CLOCK_ENABLE_OUTPUT_A              ; NORMAL               ; Untyped                                 ;
; CLOCK_ENABLE_OUTPUT_B              ; BYPASS               ; Untyped                                 ;
; CLOCK_ENABLE_CORE_A                ; USE_INPUT_CLKEN      ; Untyped                                 ;
; CLOCK_ENABLE_CORE_B                ; USE_INPUT_CLKEN      ; Untyped                                 ;
; ENABLE_ECC                         ; FALSE                ; Untyped                                 ;
; ECC_PIPELINE_STAGE_ENABLED         ; FALSE                ; Untyped                                 ;
; WIDTH_ECCSTATUS                    ; 3                    ; Untyped                                 ;
; DEVICE_FAMILY                      ; Cyclone V            ; Untyped                                 ;
; CBXI_PARAMETER                     ; altsyncram_kg12      ; Untyped                                 ;
+------------------------------------+----------------------+-----------------------------------------+
Note: In order to hide this table in the UI and the text report file, please set the "Show Parameter Settings in Synthesis Report" option in "Analysis and Synthesis Settings -> More Settings" to "Off".


+-------------------------------------------------------------------------+
; Parameter Settings for User Entity Instance: FIFO:queue|FIFO_Control:FC ;
+----------------+-------+------------------------------------------------+
; Parameter Name ; Value ; Type                                           ;
+----------------+-------+------------------------------------------------+
; depth          ; 4     ; Signed Integer                                 ;
+----------------+-------+------------------------------------------------+
Note: In order to hide this table in the UI and the text report file, please set the "Show Parameter Settings in Synthesis Report" option in "Analysis and Synthesis Settings -> More Settings" to "Off".


+----------------------------------------------------------------------------------------------------+
; altsyncram Parameter Settings by Entity Instance                                                   ;
+-------------------------------------------+--------------------------------------------------------+
; Name                                      ; Value                                                  ;
+-------------------------------------------+--------------------------------------------------------+
; Number of entity instances                ; 1                                                      ;
; Entity Instance                           ; FIFO:queue|ram16x8:RAM|altsyncram:altsyncram_component ;
;     -- OPERATION_MODE                     ; DUAL_PORT                                              ;
;     -- WIDTH_A                            ; 8                                                      ;
;     -- NUMWORDS_A                         ; 16                                                     ;
;     -- OUTDATA_REG_A                      ; UNREGISTERED                                           ;
;     -- WIDTH_B                            ; 8                                                      ;
;     -- NUMWORDS_B                         ; 16                                                     ;
;     -- ADDRESS_REG_B                      ; CLOCK0                                                 ;
;     -- OUTDATA_REG_B                      ; CLOCK0                                                 ;
;     -- RAM_BLOCK_TYPE                     ; M10K                                                   ;
;     -- READ_DURING_WRITE_MODE_MIXED_PORTS ; DONT_CARE                                              ;
+-------------------------------------------+--------------------------------------------------------+


+-----------------------------------------------------+
; Post-Synthesis Netlist Statistics for Top Partition ;
+-----------------------+-----------------------------+
; Type                  ; Count                       ;
+-----------------------+-----------------------------+
; arriav_ff             ; 56                          ;
;     ENA SCLR          ; 40                          ;
;     ENA SLD           ; 4                           ;
;     SLD               ; 2                           ;
;     plain             ; 10                          ;
; arriav_lcell_comb     ; 94                          ;
;     arith             ; 36                          ;
;         1 data inputs ; 1                           ;
;         2 data inputs ; 4                           ;
;         4 data inputs ; 31                          ;
;     normal            ; 58                          ;
;         0 data inputs ; 2                           ;
;         1 data inputs ; 8                           ;
;         2 data inputs ; 4                           ;
;         3 data inputs ; 3                           ;
;         4 data inputs ; 32                          ;
;         5 data inputs ; 3                           ;
;         6 data inputs ; 6                           ;
; boundary_port         ; 67                          ;
; stratixv_ram_block    ; 8                           ;
;                       ;                             ;
; Max LUT depth         ; 4.10                        ;
; Average LUT depth     ; 2.30                        ;
+-----------------------+-----------------------------+


+-------------------------------+
; Elapsed Time Per Partition    ;
+----------------+--------------+
; Partition Name ; Elapsed Time ;
+----------------+--------------+
; Top            ; 00:00:02     ;
+----------------+--------------+


+-------------------------------+
; Analysis & Synthesis Messages ;
+-------------------------------+
Info: *******************************************************************
Info: Running Quartus Prime Analysis & Synthesis
    Info: Version 17.0.0 Build 595 04/25/2017 SJ Lite Edition
    Info: Processing started: Sun Apr 18 09:55:29 2021
Info: Command: quartus_map --read_settings_files=on --write_settings_files=off DE1_SoC -c DE1_SoC
Info (20030): Parallel compilation is enabled and will use 16 of the 16 processors detected
Info (12021): Found 2 design units, including 2 entities, in source file de1_soc.sv
    Info (12023): Found entity 1: DE1_SoC File: D:/UW/ee371labs/lab2/task3/DE1_SoC.sv Line: 9
    Info (12023): Found entity 2: DE1_SoC_testbench File: D:/UW/ee371labs/lab2/task3/DE1_SoC.sv Line: 48
Info (12021): Found 2 design units, including 2 entities, in source file fifo.sv
    Info (12023): Found entity 1: FIFO File: D:/UW/ee371labs/lab2/task3/FIFO.sv Line: 11
    Info (12023): Found entity 2: FIFO_testbench File: D:/UW/ee371labs/lab2/task3/FIFO.sv Line: 46
Info (12021): Found 2 design units, including 2 entities, in source file fifo_control.sv
    Info (12023): Found entity 1: FIFO_Control File: D:/UW/ee371labs/lab2/task3/FIFO_Control.sv Line: 11
    Info (12023): Found entity 2: FIFO_controller_testbench File: D:/UW/ee371labs/lab2/task3/FIFO_Control.sv Line: 80
Info (12021): Found 1 design units, including 1 entities, in source file ram16x8.v
    Info (12023): Found entity 1: ram16x8 File: D:/UW/ee371labs/lab2/task3/ram16x8.v Line: 40
Info (12021): Found 2 design units, including 2 entities, in source file hex_driver.sv
    Info (12023): Found entity 1: hex_driver File: D:/UW/ee371labs/lab2/task3/hex_driver.sv Line: 9
    Info (12023): Found entity 2: hex_driver_testbench File: D:/UW/ee371labs/lab2/task3/hex_driver.sv Line: 38
Info (12021): Found 2 design units, including 2 entities, in source file input_processing.sv
    Info (12023): Found entity 1: input_processing File: D:/UW/ee371labs/lab2/task3/input_processing.sv Line: 10
    Info (12023): Found entity 2: input_processing_testbench File: D:/UW/ee371labs/lab2/task3/input_processing.sv Line: 51
Info (12021): Found 1 design units, including 1 entities, in source file d_ff.sv
    Info (12023): Found entity 1: D_FF File: D:/UW/ee371labs/lab2/task3/D_FF.sv Line: 1
Info (12127): Elaborating entity "DE1_SoC" for the top level hierarchy
Info (12128): Elaborating entity "input_processing" for hierarchy "input_processing:ip1" File: D:/UW/ee371labs/lab2/task3/DE1_SoC.sv Line: 28
Info (12128): Elaborating entity "hex_driver" for hierarchy "hex_driver:hex5" File: D:/UW/ee371labs/lab2/task3/DE1_SoC.sv Line: 35
Info (12128): Elaborating entity "FIFO" for hierarchy "FIFO:queue" File: D:/UW/ee371labs/lab2/task3/DE1_SoC.sv Line: 42
Info (12128): Elaborating entity "ram16x8" for hierarchy "FIFO:queue|ram16x8:RAM" File: D:/UW/ee371labs/lab2/task3/FIFO.sv Line: 28
Info (12128): Elaborating entity "altsyncram" for hierarchy "FIFO:queue|ram16x8:RAM|altsyncram:altsyncram_component" File: D:/UW/ee371labs/lab2/task3/ram16x8.v Line: 89
Info (12130): Elaborated megafunction instantiation "FIFO:queue|ram16x8:RAM|altsyncram:altsyncram_component" File: D:/UW/ee371labs/lab2/task3/ram16x8.v Line: 89
Info (12133): Instantiated megafunction "FIFO:queue|ram16x8:RAM|altsyncram:altsyncram_component" with the following parameter: File: D:/UW/ee371labs/lab2/task3/ram16x8.v Line: 89
    Info (12134): Parameter "address_aclr_b" = "NONE"
    Info (12134): Parameter "address_reg_b" = "CLOCK0"
    Info (12134): Parameter "clock_enable_input_a" = "BYPASS"
    Info (12134): Parameter "clock_enable_input_b" = "BYPASS"
    Info (12134): Parameter "clock_enable_output_b" = "BYPASS"
    Info (12134): Parameter "init_file" = "ram16x8.mif"
    Info (12134): Parameter "intended_device_family" = "Cyclone V"
    Info (12134): Parameter "lpm_type" = "altsyncram"
    Info (12134): Parameter "numwords_a" = "16"
    Info (12134): Parameter "numwords_b" = "16"
    Info (12134): Parameter "operation_mode" = "DUAL_PORT"
    Info (12134): Parameter "outdata_aclr_b" = "NONE"
    Info (12134): Parameter "outdata_reg_b" = "CLOCK0"
    Info (12134): Parameter "power_up_uninitialized" = "FALSE"
    Info (12134): Parameter "ram_block_type" = "M10K"
    Info (12134): Parameter "read_during_write_mode_mixed_ports" = "DONT_CARE"
    Info (12134): Parameter "widthad_a" = "4"
    Info (12134): Parameter "widthad_b" = "4"
    Info (12134): Parameter "width_a" = "8"
    Info (12134): Parameter "width_b" = "8"
    Info (12134): Parameter "width_byteena_a" = "1"
Info (12021): Found 1 design units, including 1 entities, in source file db/altsyncram_kg12.tdf
    Info (12023): Found entity 1: altsyncram_kg12 File: D:/UW/ee371labs/lab2/task3/db/altsyncram_kg12.tdf Line: 28
Info (12128): Elaborating entity "altsyncram_kg12" for hierarchy "FIFO:queue|ram16x8:RAM|altsyncram:altsyncram_component|altsyncram_kg12:auto_generated" File: d:/quartuslite/quartus/libraries/megafunctions/altsyncram.tdf Line: 792
Info (12128): Elaborating entity "FIFO_Control" for hierarchy "FIFO:queue|FIFO_Control:FC" File: D:/UW/ee371labs/lab2/task3/FIFO.sv Line: 39
Warning (10230): Verilog HDL assignment warning at FIFO_Control.sv(41): truncated value with size 32 to match size of target (4) File: D:/UW/ee371labs/lab2/task3/FIFO_Control.sv Line: 41
Warning (10230): Verilog HDL assignment warning at FIFO_Control.sv(44): truncated value with size 32 to match size of target (4) File: D:/UW/ee371labs/lab2/task3/FIFO_Control.sv Line: 44
Warning (10230): Verilog HDL assignment warning at FIFO_Control.sv(55): truncated value with size 32 to match size of target (4) File: D:/UW/ee371labs/lab2/task3/FIFO_Control.sv Line: 55
Warning (10230): Verilog HDL assignment warning at FIFO_Control.sv(67): truncated value with size 32 to match size of target (4) File: D:/UW/ee371labs/lab2/task3/FIFO_Control.sv Line: 67
Info (286030): Timing-Driven Synthesis is running
Info (17049): 1 registers lost all their fanouts during netlist optimizations.
Info (144001): Generated suppressed messages file D:/UW/ee371labs/lab2/task3/output_files/DE1_SoC.map.smsg
Info (16010): Generating hard_block partition "hard_block:auto_generated_inst"
    Info (16011): Adding 0 node(s), including 0 DDIO, 0 PLL, 0 transceiver and 0 LCELL
Info (21057): Implemented 174 device resources after synthesis - the final resource count might be different
    Info (21058): Implemented 15 input pins
    Info (21059): Implemented 52 output pins
    Info (21061): Implemented 99 logic cells
    Info (21064): Implemented 8 RAM segments
Info: Quartus Prime Analysis & Synthesis was successful. 0 errors, 4 warnings
    Info: Peak virtual memory: 4866 megabytes
    Info: Processing ended: Sun Apr 18 09:55:45 2021
    Info: Elapsed time: 00:00:16
    Info: Total CPU time (on all processors): 00:00:27


+------------------------------------------+
; Analysis & Synthesis Suppressed Messages ;
+------------------------------------------+
The suppressed messages can be found in D:/UW/ee371labs/lab2/task3/output_files/DE1_SoC.map.smsg.


