Analysis & Synthesis report for DE1_SoC
Tue May 11 10:50:45 2021
Quartus Prime Version 17.0.0 Build 595 04/25/2017 SJ Lite Edition


---------------------
; Table of Contents ;
---------------------
  1. Legal Notice
  2. Analysis & Synthesis Summary
  3. Analysis & Synthesis Settings
  4. Parallel Compilation
  5. Analysis & Synthesis Source Files Read
  6. Analysis & Synthesis Resource Usage Summary
  7. Analysis & Synthesis Resource Utilization by Entity
  8. Registers Removed During Synthesis
  9. General Register Statistics
 10. Multiplexer Restructuring Statistics (Restructuring Performed)
 11. Parameter Settings for User Entity Instance: binary_search:bs1|ram32x8:RAM
 12. Port Connectivity Checks: "seg7:hex1"
 13. Post-Synthesis Netlist Statistics for Top Partition
 14. Elapsed Time Per Partition
 15. Analysis & Synthesis Messages
 16. Analysis & Synthesis Suppressed Messages



----------------
; Legal Notice ;
----------------
Copyright (C) 2017  Intel Corporation. All rights reserved.
Your use of Intel Corporation's design tools, logic functions 
and other software and tools, and its AMPP partner logic 
functions, and any output files from any of the foregoing 
(including device programming or simulation files), and any 
associated documentation or information are expressly subject 
to the terms and conditions of the Intel Program License 
Subscription Agreement, the Intel Quartus Prime License Agreement,
the Intel MegaCore Function License Agreement, or other 
applicable license agreement, including, without limitation, 
that your use is for the sole purpose of programming logic 
devices manufactured by Intel and sold by Intel or its 
authorized distributors.  Please refer to the applicable 
agreement for further details.



+-------------------------------------------------------------------------------+
; Analysis & Synthesis Summary                                                  ;
+---------------------------------+---------------------------------------------+
; Analysis & Synthesis Status     ; Successful - Tue May 11 10:50:45 2021       ;
; Quartus Prime Version           ; 17.0.0 Build 595 04/25/2017 SJ Lite Edition ;
; Revision Name                   ; DE1_SoC                                     ;
; Top-level Entity Name           ; DE1_SoC_2                                   ;
; Family                          ; Cyclone V                                   ;
; Logic utilization (in ALMs)     ; N/A                                         ;
; Total registers                 ; 40                                          ;
; Total pins                      ; 67                                          ;
; Total virtual pins              ; 0                                           ;
; Total block memory bits         ; 0                                           ;
; Total DSP Blocks                ; 0                                           ;
; Total HSSI RX PCSs              ; 0                                           ;
; Total HSSI PMA RX Deserializers ; 0                                           ;
; Total HSSI TX PCSs              ; 0                                           ;
; Total HSSI PMA TX Serializers   ; 0                                           ;
; Total PLLs                      ; 0                                           ;
; Total DLLs                      ; 0                                           ;
+---------------------------------+---------------------------------------------+


+---------------------------------------------------------------------------------------------------------------------------+
; Analysis & Synthesis Settings                                                                                             ;
+---------------------------------------------------------------------------------+--------------------+--------------------+
; Option                                                                          ; Setting            ; Default Value      ;
+---------------------------------------------------------------------------------+--------------------+--------------------+
; Device                                                                          ; 5CSEMA5F31C6       ;                    ;
; Top-level entity name                                                           ; DE1_SoC_2          ; DE1_SoC            ;
; Family name                                                                     ; Cyclone V          ; Cyclone V          ;
; State Machine Processing                                                        ; User-Encoded       ; Auto               ;
; Use smart compilation                                                           ; Off                ; Off                ;
; Enable parallel Assembler and TimeQuest Timing Analyzer during compilation      ; On                 ; On                 ;
; Enable compact report table                                                     ; Off                ; Off                ;
; Restructure Multiplexers                                                        ; Auto               ; Auto               ;
; MLAB Add Timing Constraints For Mixed-Port Feed-Through Mode Setting Don't Care ; Off                ; Off                ;
; Create Debugging Nodes for IP Cores                                             ; Off                ; Off                ;
; Preserve fewer node names                                                       ; On                 ; On                 ;
; OpenCore Plus hardware evaluation                                               ; Enable             ; Enable             ;
; Verilog Version                                                                 ; Verilog_2001       ; Verilog_2001       ;
; VHDL Version                                                                    ; VHDL_1993          ; VHDL_1993          ;
; Safe State Machine                                                              ; Off                ; Off                ;
; Extract Verilog State Machines                                                  ; On                 ; On                 ;
; Extract VHDL State Machines                                                     ; On                 ; On                 ;
; Ignore Verilog initial constructs                                               ; Off                ; Off                ;
; Iteration limit for constant Verilog loops                                      ; 5000               ; 5000               ;
; Iteration limit for non-constant Verilog loops                                  ; 250                ; 250                ;
; Add Pass-Through Logic to Inferred RAMs                                         ; On                 ; On                 ;
; Infer RAMs from Raw Logic                                                       ; On                 ; On                 ;
; Parallel Synthesis                                                              ; On                 ; On                 ;
; DSP Block Balancing                                                             ; Auto               ; Auto               ;
; NOT Gate Push-Back                                                              ; On                 ; On                 ;
; Power-Up Don't Care                                                             ; On                 ; On                 ;
; Remove Redundant Logic Cells                                                    ; Off                ; Off                ;
; Remove Duplicate Registers                                                      ; On                 ; On                 ;
; Ignore CARRY Buffers                                                            ; Off                ; Off                ;
; Ignore CASCADE Buffers                                                          ; Off                ; Off                ;
; Ignore GLOBAL Buffers                                                           ; Off                ; Off                ;
; Ignore ROW GLOBAL Buffers                                                       ; Off                ; Off                ;
; Ignore LCELL Buffers                                                            ; Off                ; Off                ;
; Ignore SOFT Buffers                                                             ; On                 ; On                 ;
; Limit AHDL Integers to 32 Bits                                                  ; Off                ; Off                ;
; Optimization Technique                                                          ; Balanced           ; Balanced           ;
; Carry Chain Length                                                              ; 70                 ; 70                 ;
; Auto Carry Chains                                                               ; On                 ; On                 ;
; Auto Open-Drain Pins                                                            ; On                 ; On                 ;
; Perform WYSIWYG Primitive Resynthesis                                           ; Off                ; Off                ;
; Auto ROM Replacement                                                            ; On                 ; On                 ;
; Auto RAM Replacement                                                            ; On                 ; On                 ;
; Auto DSP Block Replacement                                                      ; On                 ; On                 ;
; Auto Shift Register Replacement                                                 ; Auto               ; Auto               ;
; Allow Shift Register Merging across Hierarchies                                 ; Auto               ; Auto               ;
; Auto Clock Enable Replacement                                                   ; On                 ; On                 ;
; Strict RAM Replacement                                                          ; Off                ; Off                ;
; Allow Synchronous Control Signals                                               ; On                 ; On                 ;
; Force Use of Synchronous Clear Signals                                          ; Off                ; Off                ;
; Auto Resource Sharing                                                           ; Off                ; Off                ;
; Allow Any RAM Size For Recognition                                              ; Off                ; Off                ;
; Allow Any ROM Size For Recognition                                              ; Off                ; Off                ;
; Allow Any Shift Register Size For Recognition                                   ; Off                ; Off                ;
; Use LogicLock Constraints during Resource Balancing                             ; On                 ; On                 ;
; Ignore translate_off and synthesis_off directives                               ; Off                ; Off                ;
; Timing-Driven Synthesis                                                         ; On                 ; On                 ;
; Report Parameter Settings                                                       ; On                 ; On                 ;
; Report Source Assignments                                                       ; On                 ; On                 ;
; Report Connectivity Checks                                                      ; On                 ; On                 ;
; Ignore Maximum Fan-Out Assignments                                              ; Off                ; Off                ;
; Synchronization Register Chain Length                                           ; 3                  ; 3                  ;
; PowerPlay Power Optimization During Synthesis                                   ; Normal compilation ; Normal compilation ;
; HDL message level                                                               ; Level2             ; Level2             ;
; Suppress Register Optimization Related Messages                                 ; Off                ; Off                ;
; Number of Removed Registers Reported in Synthesis Report                        ; 5000               ; 5000               ;
; Number of Swept Nodes Reported in Synthesis Report                              ; 5000               ; 5000               ;
; Number of Inverted Registers Reported in Synthesis Report                       ; 100                ; 100                ;
; Clock MUX Protection                                                            ; On                 ; On                 ;
; Auto Gated Clock Conversion                                                     ; Off                ; Off                ;
; Block Design Naming                                                             ; Auto               ; Auto               ;
; SDC constraint protection                                                       ; Off                ; Off                ;
; Synthesis Effort                                                                ; Auto               ; Auto               ;
; Shift Register Replacement - Allow Asynchronous Clear Signal                    ; On                 ; On                 ;
; Pre-Mapping Resynthesis Optimization                                            ; Off                ; Off                ;
; Analysis & Synthesis Message Level                                              ; Medium             ; Medium             ;
; Disable Register Merging Across Hierarchies                                     ; Auto               ; Auto               ;
; Resource Aware Inference For Block RAM                                          ; On                 ; On                 ;
; Automatic Parallel Synthesis                                                    ; On                 ; On                 ;
; Partial Reconfiguration Bitstream ID                                            ; Off                ; Off                ;
+---------------------------------------------------------------------------------+--------------------+--------------------+


+------------------------------------------+
; Parallel Compilation                     ;
+----------------------------+-------------+
; Processors                 ; Number      ;
+----------------------------+-------------+
; Number detected on machine ; 16          ;
; Maximum allowed            ; 16          ;
;                            ;             ;
; Average used               ; 1.00        ;
; Maximum used               ; 16          ;
;                            ;             ;
; Usage by Processor         ; % Time Used ;
;     Processor 1            ; 100.0%      ;
;     Processor 2            ;   0.0%      ;
;     Processors 3-16        ;   0.0%      ;
+----------------------------+-------------+


+-------------------------------------------------------------------------------------------------------------------------------------+
; Analysis & Synthesis Source Files Read                                                                                              ;
+----------------------------------+-----------------+------------------------------+---------------------------------------+---------+
; File Name with User-Entered Path ; Used in Netlist ; File Type                    ; File Name with Absolute Path          ; Library ;
+----------------------------------+-----------------+------------------------------+---------------------------------------+---------+
; binary_search.sv                 ; yes             ; User SystemVerilog HDL File  ; D:/UW/ee371labs/lab4/binary_search.sv ;         ;
; DE1_SoC_2.sv                     ; yes             ; User SystemVerilog HDL File  ; D:/UW/ee371labs/lab4/DE1_SoC_2.sv     ;         ;
; ram32x8.sv                       ; yes             ; User SystemVerilog HDL File  ; D:/UW/ee371labs/lab4/ram32x8.sv       ;         ;
; seg7.sv                          ; yes             ; User SystemVerilog HDL File  ; D:/UW/ee371labs/lab4/seg7.sv          ;         ;
+----------------------------------+-----------------+------------------------------+---------------------------------------+---------+


+--------------------------------------------------------------+
; Analysis & Synthesis Resource Usage Summary                  ;
+---------------------------------------------+----------------+
; Resource                                    ; Usage          ;
+---------------------------------------------+----------------+
; Estimate of Logic utilization (ALMs needed) ; 54             ;
;                                             ;                ;
; Combinational ALUT usage for logic          ; 87             ;
;     -- 7 input functions                    ; 0              ;
;     -- 6 input functions                    ; 18             ;
;     -- 5 input functions                    ; 21             ;
;     -- 4 input functions                    ; 7              ;
;     -- <=3 input functions                  ; 41             ;
;                                             ;                ;
; Dedicated logic registers                   ; 40             ;
;                                             ;                ;
; I/O pins                                    ; 67             ;
;                                             ;                ;
; Total DSP Blocks                            ; 0              ;
;                                             ;                ;
; Maximum fan-out node                        ; CLOCK_50~input ;
; Maximum fan-out                             ; 40             ;
; Total fan-out                               ; 587            ;
; Average fan-out                             ; 2.25           ;
+---------------------------------------------+----------------+


+---------------------------------------------------------------------------------------------------------------------------------------------------------------------------------------------------------------+
; Analysis & Synthesis Resource Utilization by Entity                                                                                                                                                           ;
+----------------------------+---------------------+---------------------------+-------------------+------------+------+--------------+------------------------------------------+---------------+--------------+
; Compilation Hierarchy Node ; Combinational ALUTs ; Dedicated Logic Registers ; Block Memory Bits ; DSP Blocks ; Pins ; Virtual Pins ; Full Hierarchy Name                      ; Entity Name   ; Library Name ;
+----------------------------+---------------------+---------------------------+-------------------+------------+------+--------------+------------------------------------------+---------------+--------------+
; |DE1_SoC_2                 ; 87 (3)              ; 40 (1)                    ; 0                 ; 0          ; 67   ; 0            ; |DE1_SoC_2                               ; DE1_SoC_2     ; work         ;
;    |binary_search:bs1|     ; 77 (77)             ; 39 (34)                   ; 0                 ; 0          ; 0    ; 0            ; |DE1_SoC_2|binary_search:bs1             ; binary_search ; work         ;
;       |ram32x8:RAM|        ; 0 (0)               ; 5 (5)                     ; 0                 ; 0          ; 0    ; 0            ; |DE1_SoC_2|binary_search:bs1|ram32x8:RAM ; ram32x8       ; work         ;
;    |seg7:hex0|             ; 7 (7)               ; 0 (0)                     ; 0                 ; 0          ; 0    ; 0            ; |DE1_SoC_2|seg7:hex0                     ; seg7          ; work         ;
+----------------------------+---------------------+---------------------------+-------------------+------------+------+--------------+------------------------------------------+---------------+--------------+
Note: For table entries with two numbers listed, the numbers in parentheses indicate the number of resources of the given type used by the specific entity alone. The numbers listed outside of parentheses indicate the total resources of the given type used by the specific entity and all of its sub-entities in the hierarchy.


+-----------------------------------------------------------------------------------------------------+
; Registers Removed During Synthesis                                                                  ;
+---------------------------------------------+-------------------------------------------------------+
; Register name                               ; Reason for Removal                                    ;
+---------------------------------------------+-------------------------------------------------------+
; binary_search:bs1|ps[2..31]                 ; Stuck at GND due to stuck port data_in                ;
; binary_search:bs1|ram32x8:RAM|data_out[6,7] ; Merged with binary_search:bs1|ram32x8:RAM|data_out[0] ;
; binary_search:bs1|ram32x8:RAM|data_out[0]   ; Stuck at GND due to stuck port data_in                ;
; Total Number of Removed Registers = 33      ;                                                       ;
+---------------------------------------------+-------------------------------------------------------+


+------------------------------------------------------+
; General Register Statistics                          ;
+----------------------------------------------+-------+
; Statistic                                    ; Value ;
+----------------------------------------------+-------+
; Total registers                              ; 40    ;
; Number of registers using Synchronous Clear  ; 8     ;
; Number of registers using Synchronous Load   ; 23    ;
; Number of registers using Asynchronous Clear ; 0     ;
; Number of registers using Asynchronous Load  ; 0     ;
; Number of registers using Clock Enable       ; 29    ;
; Number of registers using Preset             ; 0     ;
+----------------------------------------------+-------+


+-----------------------------------------------------------------------------------------------------------------------------------------------------+
; Multiplexer Restructuring Statistics (Restructuring Performed)                                                                                      ;
+--------------------+-----------+---------------+----------------------+------------------------+------------+---------------------------------------+
; Multiplexer Inputs ; Bus Width ; Baseline Area ; Area if Restructured ; Saving if Restructured ; Registered ; Example Multiplexer Output            ;
+--------------------+-----------+---------------+----------------------+------------------------+------------+---------------------------------------+
; 3:1                ; 5 bits    ; 10 LEs        ; 5 LEs                ; 5 LEs                  ; Yes        ; |DE1_SoC_2|binary_search:bs1|right[4] ;
; 3:1                ; 6 bits    ; 12 LEs        ; 6 LEs                ; 6 LEs                  ; Yes        ; |DE1_SoC_2|binary_search:bs1|left[5]  ;
; 3:1                ; 8 bits    ; 16 LEs        ; 0 LEs                ; 16 LEs                 ; Yes        ; |DE1_SoC_2|binary_search:bs1|A[2]     ;
; 4:1                ; 5 bits    ; 10 LEs        ; 5 LEs                ; 5 LEs                  ; Yes        ; |DE1_SoC_2|binary_search:bs1|size[5]  ;
; 4:1                ; 5 bits    ; 10 LEs        ; 5 LEs                ; 5 LEs                  ; Yes        ; |DE1_SoC_2|binary_search:bs1|size[4]  ;
+--------------------+-----------+---------------+----------------------+------------------------+------------+---------------------------------------+


+----------------------------------------------------------------------------+
; Parameter Settings for User Entity Instance: binary_search:bs1|ram32x8:RAM ;
+----------------+-------+---------------------------------------------------+
; Parameter Name ; Value ; Type                                              ;
+----------------+-------+---------------------------------------------------+
; ADDR_WIDTH     ; 5     ; Signed Integer                                    ;
; DATA_WIDTH     ; 8     ; Signed Integer                                    ;
+----------------+-------+---------------------------------------------------+
Note: In order to hide this table in the UI and the text report file, please set the "Show Parameter Settings in Synthesis Report" option in "Analysis and Synthesis Settings -> More Settings" to "Off".


+---------------------------------------------+
; Port Connectivity Checks: "seg7:hex1"       ;
+-----------+-------+----------+--------------+
; Port      ; Type  ; Severity ; Details      ;
+-----------+-------+----------+--------------+
; bcd[3..1] ; Input ; Info     ; Stuck at GND ;
+-----------+-------+----------+--------------+


+-----------------------------------------------------+
; Post-Synthesis Netlist Statistics for Top Partition ;
+-----------------------+-----------------------------+
; Type                  ; Count                       ;
+-----------------------+-----------------------------+
; arriav_ff             ; 40                          ;
;     ENA SCLR          ; 8                           ;
;     ENA SLD           ; 21                          ;
;     SLD               ; 2                           ;
;     plain             ; 9                           ;
; arriav_lcell_comb     ; 89                          ;
;     arith             ; 38                          ;
;         0 data inputs ; 1                           ;
;         1 data inputs ; 2                           ;
;         2 data inputs ; 28                          ;
;         3 data inputs ; 1                           ;
;         5 data inputs ; 6                           ;
;     normal            ; 51                          ;
;         0 data inputs ; 2                           ;
;         1 data inputs ; 2                           ;
;         2 data inputs ; 4                           ;
;         3 data inputs ; 3                           ;
;         4 data inputs ; 7                           ;
;         5 data inputs ; 15                          ;
;         6 data inputs ; 18                          ;
; boundary_port         ; 67                          ;
;                       ;                             ;
; Max LUT depth         ; 4.50                        ;
; Average LUT depth     ; 3.39                        ;
+-----------------------+-----------------------------+


+-------------------------------+
; Elapsed Time Per Partition    ;
+----------------+--------------+
; Partition Name ; Elapsed Time ;
+----------------+--------------+
; Top            ; 00:00:00     ;
+----------------+--------------+


+-------------------------------+
; Analysis & Synthesis Messages ;
+-------------------------------+
Info: *******************************************************************
Info: Running Quartus Prime Analysis & Synthesis
    Info: Version 17.0.0 Build 595 04/25/2017 SJ Lite Edition
    Info: Processing started: Tue May 11 10:50:34 2021
Info: Command: quartus_map --read_settings_files=on --write_settings_files=off DE1_SoC -c DE1_SoC
Info (20030): Parallel compilation is enabled and will use 16 of the 16 processors detected
Info (12021): Found 2 design units, including 2 entities, in source file de1_soc.sv
    Info (12023): Found entity 1: DE1_SoC File: D:/UW/ee371labs/lab4/DE1_SoC.sv Line: 10
    Info (12023): Found entity 2: DE1_SoC_testbench File: D:/UW/ee371labs/lab4/DE1_SoC.sv Line: 48
Info (12021): Found 2 design units, including 2 entities, in source file bit_counter.sv
    Info (12023): Found entity 1: bit_counter File: D:/UW/ee371labs/lab4/bit_counter.sv Line: 12
    Info (12023): Found entity 2: bit_counter_testbench File: D:/UW/ee371labs/lab4/bit_counter.sv Line: 86
Info (12021): Found 2 design units, including 2 entities, in source file binary_search.sv
    Info (12023): Found entity 1: binary_search File: D:/UW/ee371labs/lab4/binary_search.sv Line: 10
    Info (12023): Found entity 2: binary_search_testbench File: D:/UW/ee371labs/lab4/binary_search.sv Line: 107
Info (12021): Found 2 design units, including 2 entities, in source file de1_soc_2.sv
    Info (12023): Found entity 1: DE1_SoC_2 File: D:/UW/ee371labs/lab4/DE1_SoC_2.sv Line: 13
    Info (12023): Found entity 2: DE1_SoC_2_testbench File: D:/UW/ee371labs/lab4/DE1_SoC_2.sv Line: 60
Info (12021): Found 2 design units, including 2 entities, in source file ram32x8.sv
    Info (12023): Found entity 1: ram32x8 File: D:/UW/ee371labs/lab4/ram32x8.sv Line: 9
    Info (12023): Found entity 2: ram32x8_testbench File: D:/UW/ee371labs/lab4/ram32x8.sv Line: 23
Info (12021): Found 2 design units, including 2 entities, in source file seg7.sv
    Info (12023): Found entity 1: seg7 File: D:/UW/ee371labs/lab4/seg7.sv Line: 12
    Info (12023): Found entity 2: seg7_testbench File: D:/UW/ee371labs/lab4/seg7.sv Line: 47
Info (12127): Elaborating entity "DE1_SoC_2" for the top level hierarchy
Info (12128): Elaborating entity "binary_search" for hierarchy "binary_search:bs1" File: D:/UW/ee371labs/lab4/DE1_SoC_2.sv Line: 44
Warning (10230): Verilog HDL assignment warning at binary_search.sv(59): truncated value with size 32 to match size of target (6) File: D:/UW/ee371labs/lab4/binary_search.sv Line: 59
Warning (10230): Verilog HDL assignment warning at binary_search.sv(60): truncated value with size 32 to match size of target (5) File: D:/UW/ee371labs/lab4/binary_search.sv Line: 60
Warning (10230): Verilog HDL assignment warning at binary_search.sv(61): truncated value with size 32 to match size of target (6) File: D:/UW/ee371labs/lab4/binary_search.sv Line: 61
Warning (10230): Verilog HDL assignment warning at binary_search.sv(65): truncated value with size 32 to match size of target (6) File: D:/UW/ee371labs/lab4/binary_search.sv Line: 65
Warning (10230): Verilog HDL assignment warning at binary_search.sv(66): truncated value with size 32 to match size of target (5) File: D:/UW/ee371labs/lab4/binary_search.sv Line: 66
Warning (10230): Verilog HDL assignment warning at binary_search.sv(67): truncated value with size 32 to match size of target (6) File: D:/UW/ee371labs/lab4/binary_search.sv Line: 67
Info (12128): Elaborating entity "ram32x8" for hierarchy "binary_search:bs1|ram32x8:RAM" File: D:/UW/ee371labs/lab4/binary_search.sv Line: 35
Warning (10858): Verilog HDL warning at ram32x8.sv(16): object memory_array used but never assigned File: D:/UW/ee371labs/lab4/ram32x8.sv Line: 16
Info (12128): Elaborating entity "seg7" for hierarchy "seg7:hex0" File: D:/UW/ee371labs/lab4/DE1_SoC_2.sv Line: 49
Info (276014): Found 1 instances of uninferred RAM logic
    Info (276004): RAM logic "binary_search:bs1|ram32x8:RAM|memory_array" is uninferred due to inappropriate RAM size File: D:/UW/ee371labs/lab4/ram32x8.sv Line: 16
Info (286030): Timing-Driven Synthesis is running
Info (144001): Generated suppressed messages file D:/UW/ee371labs/lab4/output_files/DE1_SoC.map.smsg
Info (16010): Generating hard_block partition "hard_block:auto_generated_inst"
    Info (16011): Adding 0 node(s), including 0 DDIO, 0 PLL, 0 transceiver and 0 LCELL
Info (21057): Implemented 180 device resources after synthesis - the final resource count might be different
    Info (21058): Implemented 15 input pins
    Info (21059): Implemented 52 output pins
    Info (21061): Implemented 113 logic cells
Info: Quartus Prime Analysis & Synthesis was successful. 0 errors, 7 warnings
    Info: Peak virtual memory: 4900 megabytes
    Info: Processing ended: Tue May 11 10:50:45 2021
    Info: Elapsed time: 00:00:11
    Info: Total CPU time (on all processors): 00:00:28


+------------------------------------------+
; Analysis & Synthesis Suppressed Messages ;
+------------------------------------------+
The suppressed messages can be found in D:/UW/ee371labs/lab4/output_files/DE1_SoC.map.smsg.


